Importing training subject list: train_subsAES.txt
Training subs: [1077, 1096, 970, 253, 565, 590, 620, 958]
Working on sub 1077
5 non-szr files found
19 szr files found
13651 total # of NON-szr time windows for this sub
13314 total # of SZR time windows for this sub
Working on sub 1096
8 non-szr files found
38 szr files found
47190 total # of NON-szr time windows for this sub
46818 total # of SZR time windows for this sub
Working on sub 970
0 non-szr files found
121 szr files found
0 total # of NON-szr time windows for this sub
94927 total # of SZR time windows for this sub
Working on sub 253
5 non-szr files found
29 szr files found
28302 total # of NON-szr time windows for this sub
27675 total # of SZR time windows for this sub
Working on sub 565
4 non-szr files found
54 szr files found
116928 total # of NON-szr time windows for this sub
116933 total # of SZR time windows for this sub
Working on sub 590
17 non-szr files found
29 szr files found
33782 total # of NON-szr time windows for this sub
31062 total # of SZR time windows for this sub
Working on sub 620
5 non-szr files found
14 szr files found
8960 total # of NON-szr time windows for this sub
8210 total # of SZR time windows for this sub
Working on sub 958
0 non-szr files found
51 szr files found
0 total # of NON-szr time windows for this sub
28008 total # of SZR time windows for this sub
Total # of dimensions: 0 
Total # of szr time windows: 366947 
Total # of non-szr time windows: 248813 
Total # of time windows: 615760 
1077_AMR1-AMR2
Subtracting median and dividing by IQR
Min/Max ftr 3.598597 3.990000
Min/Max ftr 3.755162 3.990000
Min/Max ftr 3.770538 3.990000
Min/Max ftr 3.688497 3.990000
Min/Max ftr 3.635918 3.990000
Min/Max ftr 3.698648 3.990000
Min/Max ftr 3.557740 3.990000
Min/Max ftr 3.683532 3.990000
Min/Max ftr 3.699813 3.990000
Min/Max ftr 3.633968 3.990000
Min/Max ftr 3.595725 3.990000
Min/Max ftr 3.526113 3.990000
Min/Max ftr 3.242869 3.990000
Min/Max ftr 3.675681 3.990000
Min/Max ftr 3.603530 3.990000
Min/Max ftr 3.500350 3.990000
Min/Max ftr 3.574969 3.990000
Min/Max ftr 3.476810 3.990000
Min/Max ftr 3.085165 3.990000
Min/Max ftr 3.679565 3.990000
Min/Max ftr 3.540381 3.990000
Min/Max ftr 3.345614 3.990000
Min/Max ftr 3.431868 3.990000
Min/Max ftr 3.423805 3.990000
Min/Max ftr 2.684732 3.990000
Min/Max ftr 3.520397 3.990000
Min/Max ftr 3.299005 3.990000
Min/Max ftr 3.062363 3.990000
Min/Max ftr 3.033036 3.990000
Min/Max ftr 2.902222 3.990000
Loading file /Users/davidgroppe/PycharmProjects/SZR_ANT/EU_GENERAL/EU_GENERAL_FTRS/SE/1077/1077_AMR1_AMR2_non.mat
